app/build/outputs/logs/manifest-merger-debug-report.txt
-- Merging decision tree log ---
manifest
ADDED from src/main/AndroidManifest.xml:2:1-30:12
	package
		ADDED from src/main/AndroidManifest.xml:3:7-38
		INJECTED from src/main/AndroidManifest.xml
		INJECTED from src/main/AndroidManifest.xml
	android:versionName
		ADDED from src/main/AndroidManifest.xml:5:7-32
		INJECTED from src/main/AndroidManifest.xml
		INJECTED from src/main/AndroidManifest.xml
	android:versionCode
		ADDED from src/main/AndroidManifest.xml:4:7-30
		INJECTED from src/main/AndroidManifest.xml
		INJECTED from src/main/AndroidManifest.xml
	xmlns:android
		ADDED from src/main/AndroidManifest.xml:2:11-69
application
ADDED from src/main/AndroidManifest.xml:6:5-25:15
MERGED from [com.android.support:support-v4:23.1.1] AndroidManifest.xml:22:5-20
	android:label
		ADDED from src/main/AndroidManifest.xml:6:48-80
	android:icon
		ADDED from src/main/AndroidManifest.xml:6:18-47
activity#de.dotknowledge.xymon.Monitor
ADDED from src/main/AndroidManifest.xml:7:9-13:20
	android:label
		ADDED from src/main/AndroidManifest.xml:8:19-51
	android:name
		ADDED from src/main/AndroidManifest.xml:7:19-42
intent-filter#android.intent.action.MAIN+android.intent.category.LAUNCHER
ADDED from src/main/AndroidManifest.xml:9:13-12:29
action#android.intent.action.MAIN
ADDED from src/main/AndroidManifest.xml:10:17-69
	android:name
		ADDED from src/main/AndroidManifest.xml:10:25-66
category#android.intent.category.LAUNCHER
ADDED from src/main/AndroidManifest.xml:11:17-77
	android:name
		ADDED from src/main/AndroidManifest.xml:11:27-74
activity#de.dotknowledge.xymon.EditPreferences
ADDED from src/main/AndroidManifest.xml:14:3-15:14
	android:name
		ADDED from src/main/AndroidManifest.xml:14:13-44
receiver#de.dotknowledge.xymon.WidgetProvider
ADDED from src/main/AndroidManifest.xml:16:5-23:16
	android:label
		ADDED from src/main/AndroidManifest.xml:16:15-47
	android:icon
		ADDED from src/main/AndroidManifest.xml:16:48-77
	android:name
		ADDED from src/main/AndroidManifest.xml:16:78-107
intent-filter#android.appwidget.action.APPWIDGET_UPDATE
ADDED from src/main/AndroidManifest.xml:17:5-19:21
action#android.appwidget.action.APPWIDGET_UPDATE
ADDED from src/main/AndroidManifest.xml:18:9-76
	android:name
		ADDED from src/main/AndroidManifest.xml:18:17-73
meta-data#android.appwidget.provider
ADDED from src/main/AndroidManifest.xml:20:5-22:19
	android:resource
		ADDED from src/main/AndroidManifest.xml:21:17-55
	android:name
		ADDED from src/main/AndroidManifest.xml:20:16-57
provider#de.dotknowledge.xymon.XymonStatus
ADDED from src/main/AndroidManifest.xml:24:1-100
	android:authorities
		ADDED from src/main/AndroidManifest.xml:24:11-61
	android:name
		ADDED from src/main/AndroidManifest.xml:24:62-88
uses-sdk
ADDED from src/main/AndroidManifest.xml:26:5-43
MERGED from [com.android.support:support-v4:23.1.1] AndroidManifest.xml:20:5-43
	android:targetSdkVersion
		INJECTED from src/main/AndroidManifest.xml
		INJECTED from src/main/AndroidManifest.xml
	android:minSdkVersion
		ADDED from src/main/AndroidManifest.xml:26:15-40
		INJECTED from src/main/AndroidManifest.xml
		INJECTED from src/main/AndroidManifest.xml
uses-permission#android.permission.INTERNET
ADDED from src/main/AndroidManifest.xml:27:1-79
	android:name
		ADDED from src/main/AndroidManifest.xml:27:18-60
uses-permission#android.permission.ACCESS_WIFI_STATE
ADDED from src/main/AndroidManifest.xml:28:1-88
	android:name
		ADDED from src/main/AndroidManifest.xml:28:18-69
uses-permission#android.permission.VIBRATE
ADDED from src/main/AndroidManifest.xml:29:1-78
	android:name
		ADDED from src/main/AndroidManifest.xml:29:18-59